#-----------------------------------------------------------
# Vivado v2015.2 (64-bit)
# SW Build 1266856 on Fri Jun 26 16:35:25 MDT 2015
# IP Build 1264090 on Wed Jun 24 14:22:01 MDT 2015
# Start of session at: Wed Sep 30 22:49:03 2015
# Process ID: 968861
# Log file: /afs/ece.cmu.edu/usr/rsaigal/18-545/audio/sound_mp/project_1/project_1.srcs/sources_1/imports/sound_mp/vivado.log
# Journal file: /afs/ece.cmu.edu/usr/rsaigal/18-545/audio/sound_mp/project_1/project_1.srcs/sources_1/imports/sound_mp/vivado.jou
#-----------------------------------------------------------
start_gui
open_project /afs/ece.cmu.edu/usr/rsaigal/18-545/audio/sound_mp/project_1/project_1.xpr
Scanning sources...
Finished scanning sources
INFO: [IP_Flow 19-234] Refreshing IP repositories
INFO: [IP_Flow 19-1704] No user IP repositories specified
INFO: [IP_Flow 19-2313] Loaded Vivado IP repository '/afs/ece/support/xilinx/xilinx.release/Vivado/data/ip'.
open_project: Time (s): cpu = 00:00:10 ; elapsed = 00:00:39 . Memory (MB): peak = 5891.512 ; gain = 69.656 ; free physical = 8231 ; free virtual = 26965
launch_simulation
INFO: [USF-XSim-27] Simulation object is 'sim_1'
INFO: [USF-XSim-37] Inspecting design source files for 'testbench_tristate_buffer' in fileset 'sim_1'...
INFO: [USF-XSim-97] Finding global include files...
INFO: [USF-XSim-98] Fetching design files from 'sim_1'...
INFO: [USF-XSim-2] XSim::Compile design
INFO: [USF-XSim-61] Executing 'COMPILE' step in '/afs/ece.cmu.edu/usr/rsaigal/18-545/audio/sound_mp/project_1/project_1.sim/sim_1/behav'
xvlog -m64 --relax -prj testbench_tristate_buffer_vlog.prj
INFO: [VRFC 10-2263] Analyzing SystemVerilog file "/afs/ece.cmu.edu/usr/rsaigal/18-545/audio/sound_mp/project_1/project_1.srcs/sources_1/imports/sound_mp/LS244.sv" into library xil_defaultlib
INFO: [VRFC 10-311] analyzing module tristate_buffer
INFO: [VRFC 10-311] analyzing module LS244
INFO: [VRFC 10-2263] Analyzing SystemVerilog file "/afs/ece.cmu.edu/usr/rsaigal/18-545/audio/sound_mp/project_1/project_1.srcs/sources_1/imports/sound_mp/test_bench.sv" into library xil_defaultlib
INFO: [VRFC 10-311] analyzing module testbench_tristate_buffer
INFO: [VRFC 10-311] analyzing module testbench_LS244
INFO: [VRFC 10-2263] Analyzing Verilog file "/afs/ece.cmu.edu/usr/rsaigal/18-545/audio/sound_mp/project_1/project_1.sim/sim_1/behav/glbl.v" into library xil_defaultlib
INFO: [VRFC 10-311] analyzing module glbl
INFO: [USF-XSim-3] XSim::Elaborate design
INFO: [USF-XSim-61] Executing 'ELABORATE' step in '/afs/ece.cmu.edu/usr/rsaigal/18-545/audio/sound_mp/project_1/project_1.sim/sim_1/behav'
Vivado Simulator 2015.2
Copyright 1986-1999, 2001-2015 Xilinx, Inc. All Rights Reserved.
Running: /afs/ece/support/xilinx/xilinx.release/Vivado/bin/unwrapped/lnx64.o/xelab -wto b730375052da49668e854cb5b2f919d2 --debug typical --relax --mt 8 -L xil_defaultlib -L unisims_ver -L unimacro_ver -L secureip --snapshot testbench_tristate_buffer_behav xil_defaultlib.testbench_tristate_buffer xil_defaultlib.glbl -log elaborate.log 
Using 8 slave threads.
Starting static elaboration
Completed static elaboration
Starting simulation data flow analysis
WARNING: [XSIM 43-4100] "/afs/ece.cmu.edu/usr/rsaigal/18-545/audio/sound_mp/project_1/project_1.sim/sim_1/behav/glbl.v" Line 6. Module glbl has a timescale but at least one module in design doesn't have timescale.
WARNING: [XSIM 43-4100] "/afs/ece.cmu.edu/usr/rsaigal/18-545/audio/sound_mp/project_1/project_1.sim/sim_1/behav/glbl.v" Line 6. Module glbl has a timescale but at least one module in design doesn't have timescale.
Completed simulation data flow analysis
Time Resolution for simulation is 1ps
Compiling module xil_defaultlib.tristate_buffer
Compiling module xil_defaultlib.testbench_tristate_buffer
Compiling module xil_defaultlib.glbl
Built simulation snapshot testbench_tristate_buffer_behav

****** Webtalk v2015.2 (64-bit)
  **** SW Build 1266856 on Fri Jun 26 16:35:25 MDT 2015
  **** IP Build 1264090 on Wed Jun 24 14:22:01 MDT 2015
    ** Copyright 1986-2015 Xilinx, Inc. All Rights Reserved.

source /afs/ece.cmu.edu/usr/rsaigal/18-545/audio/sound_mp/project_1/project_1.sim/sim_1/behav/xsim.dir/testbench_tristate_buffer_behav/webtalk/xsim_webtalk.tcl -notrace

    while executing
"webtalk_transmit -clientid 500665072 -regid "174679548_176449548_210570730_342" -xml /afs/ece.cmu.edu/usr/rsaigal/18-545/audio/sound_mp/project_1/proj..."
    (file "/afs/ece.cmu.edu/usr/rsaigal/18-545/audio/sound_mp/project_1/project_1.sim/sim_1/behav/xsim.dir/testbench_tristate_buffer_behav/webtalk/xsim_webtalk.t..." line 42)
INFO: [Common 17-206] Exiting Webtalk at Wed Sep 30 22:56:31 2015...
INFO: [USF-XSim-4] XSim::Simulate design
INFO: [USF-XSim-61] Executing 'SIMULATE' step in '/afs/ece.cmu.edu/usr/rsaigal/18-545/audio/sound_mp/project_1/project_1.sim/sim_1/behav'
INFO: [USF-XSim-98] *** Running xsim
   with args "testbench_tristate_buffer_behav -key {Behavioral:sim_1:Functional:testbench_tristate_buffer} -tclbatch {testbench_tristate_buffer.tcl} -log {simulate.log}"
INFO: [USF-XSim-8] Loading simulator feature
Vivado Simulator 2015.2
Time resolution is 1 ps
source testbench_tristate_buffer.tcl
# set curr_wave [current_wave_config]
# if { [string length $curr_wave] == 0 } {
#   if { [llength [get_objects]] > 0} {
#     add_wave /
#     set_property needs_save false [current_wave_config]
#   } else {
#      send_msg_id Add_Wave-1 WARNING "No top level signals found. Simulator will start without a wave window. If you want to open a wave window go to 'File->New Waveform Configuration' or type 'create_wave_config' in the TCL console."
#   }
# }
# run 1000ns
x=0, en=1, y=0
xsim: Time (s): cpu = 00:00:05 ; elapsed = 00:00:20 . Memory (MB): peak = 5960.656 ; gain = 48.648 ; free physical = 8202 ; free virtual = 26936
INFO: [USF-XSim-96] XSim completed. Design snapshot 'testbench_tristate_buffer_behav' loaded.
INFO: [USF-XSim-97] XSim simulation ran for 1000ns
launch_simulation: Time (s): cpu = 00:00:07 ; elapsed = 00:00:25 . Memory (MB): peak = 5960.656 ; gain = 57.863 ; free physical = 8202 ; free virtual = 26936
close_sim
INFO: [Simtcl 6-16] Simulation closed
close_sim: Time (s): cpu = 00:00:00.85 ; elapsed = 00:00:12 . Memory (MB): peak = 5960.656 ; gain = 0.000 ; free physical = 8201 ; free virtual = 26935
launch_simulation
INFO: [USF-XSim-27] Simulation object is 'sim_1'
INFO: [USF-XSim-37] Inspecting design source files for 'testbench_tristate_buffer' in fileset 'sim_1'...
INFO: [USF-XSim-97] Finding global include files...
INFO: [USF-XSim-98] Fetching design files from 'sim_1'...
INFO: [USF-XSim-2] XSim::Compile design
INFO: [USF-XSim-61] Executing 'COMPILE' step in '/afs/ece.cmu.edu/usr/rsaigal/18-545/audio/sound_mp/project_1/project_1.sim/sim_1/behav'
xvlog -m64 --relax -prj testbench_tristate_buffer_vlog.prj
INFO: [VRFC 10-2263] Analyzing SystemVerilog file "/afs/ece.cmu.edu/usr/rsaigal/18-545/audio/sound_mp/project_1/project_1.srcs/sources_1/imports/sound_mp/LS244.sv" into library xil_defaultlib
INFO: [VRFC 10-311] analyzing module tristate_buffer
INFO: [VRFC 10-311] analyzing module LS244
INFO: [VRFC 10-2263] Analyzing SystemVerilog file "/afs/ece.cmu.edu/usr/rsaigal/18-545/audio/sound_mp/project_1/project_1.srcs/sources_1/imports/sound_mp/test_bench.sv" into library xil_defaultlib
INFO: [VRFC 10-311] analyzing module testbench_tristate_buffer
INFO: [VRFC 10-311] analyzing module testbench_LS244
INFO: [VRFC 10-2263] Analyzing Verilog file "/afs/ece.cmu.edu/usr/rsaigal/18-545/audio/sound_mp/project_1/project_1.sim/sim_1/behav/glbl.v" into library xil_defaultlib
INFO: [VRFC 10-311] analyzing module glbl
INFO: [USF-XSim-3] XSim::Elaborate design
INFO: [USF-XSim-61] Executing 'ELABORATE' step in '/afs/ece.cmu.edu/usr/rsaigal/18-545/audio/sound_mp/project_1/project_1.sim/sim_1/behav'
Vivado Simulator 2015.2
Copyright 1986-1999, 2001-2015 Xilinx, Inc. All Rights Reserved.
Running: /afs/ece/support/xilinx/xilinx.release/Vivado/bin/unwrapped/lnx64.o/xelab -wto b730375052da49668e854cb5b2f919d2 --debug typical --relax --mt 8 -L xil_defaultlib -L unisims_ver -L unimacro_ver -L secureip --snapshot testbench_tristate_buffer_behav xil_defaultlib.testbench_tristate_buffer xil_defaultlib.glbl -log elaborate.log 
Using 8 slave threads.
Starting static elaboration
Completed static elaboration
Starting simulation data flow analysis
WARNING: [XSIM 43-4100] "/afs/ece.cmu.edu/usr/rsaigal/18-545/audio/sound_mp/project_1/project_1.sim/sim_1/behav/glbl.v" Line 6. Module glbl has a timescale but at least one module in design doesn't have timescale.
WARNING: [XSIM 43-4100] "/afs/ece.cmu.edu/usr/rsaigal/18-545/audio/sound_mp/project_1/project_1.sim/sim_1/behav/glbl.v" Line 6. Module glbl has a timescale but at least one module in design doesn't have timescale.
Completed simulation data flow analysis
Time Resolution for simulation is 1ps
Compiling module xil_defaultlib.tristate_buffer
Compiling module xil_defaultlib.testbench_tristate_buffer
Compiling module xil_defaultlib.glbl
Built simulation snapshot testbench_tristate_buffer_behav

****** Webtalk v2015.2 (64-bit)
  **** SW Build 1266856 on Fri Jun 26 16:35:25 MDT 2015
  **** IP Build 1264090 on Wed Jun 24 14:22:01 MDT 2015
    ** Copyright 1986-2015 Xilinx, Inc. All Rights Reserved.

source /afs/ece.cmu.edu/usr/rsaigal/18-545/audio/sound_mp/project_1/project_1.sim/sim_1/behav/xsim.dir/testbench_tristate_buffer_behav/webtalk/xsim_webtalk.tcl -notrace
INFO: [Common 17-186] '/afs/ece.cmu.edu/usr/rsaigal/18-545/audio/sound_mp/project_1/project_1.sim/sim_1/behav/xsim.dir/testbench_tristate_buffer_behav/webtalk/usage_statistics_ext_xsim.xml' has been successfully sent to Xilinx on Wed Sep 30 23:00:08 2015. For additional details about this file, please refer to the WebTalk help file at /afs/ece/support/xilinx/xilinx.release/Vivado/doc/webtalk_introduction.html.
INFO: [Common 17-206] Exiting Webtalk at Wed Sep 30 23:00:08 2015...
INFO: [USF-XSim-4] XSim::Simulate design
INFO: [USF-XSim-61] Executing 'SIMULATE' step in '/afs/ece.cmu.edu/usr/rsaigal/18-545/audio/sound_mp/project_1/project_1.sim/sim_1/behav'
INFO: [USF-XSim-98] *** Running xsim
   with args "testbench_tristate_buffer_behav -key {Behavioral:sim_1:Functional:testbench_tristate_buffer} -tclbatch {testbench_tristate_buffer.tcl} -log {simulate.log}"
INFO: [USF-XSim-8] Loading simulator feature
Vivado Simulator 2015.2
Time resolution is 1 ps
source testbench_tristate_buffer.tcl
# set curr_wave [current_wave_config]
# if { [string length $curr_wave] == 0 } {
#   if { [llength [get_objects]] > 0} {
#     add_wave /
#     set_property needs_save false [current_wave_config]
#   } else {
#      send_msg_id Add_Wave-1 WARNING "No top level signals found. Simulator will start without a wave window. If you want to open a wave window go to 'File->New Waveform Configuration' or type 'create_wave_config' in the TCL console."
#   }
# }
# run 1000ns
x=0, en=1, y=0
xsim: Time (s): cpu = 00:00:02 ; elapsed = 00:00:22 . Memory (MB): peak = 5960.656 ; gain = 0.000 ; free physical = 8196 ; free virtual = 26931
INFO: [USF-XSim-96] XSim completed. Design snapshot 'testbench_tristate_buffer_behav' loaded.
INFO: [USF-XSim-97] XSim simulation ran for 1000ns
launch_simulation: Time (s): cpu = 00:00:03 ; elapsed = 00:00:25 . Memory (MB): peak = 5960.656 ; gain = 0.000 ; free physical = 8196 ; free virtual = 26931
reset_run synth_1
launch_runs synth_1
INFO: [HDL 9-2216] Analyzing SystemVerilog file "/afs/ece.cmu.edu/usr/rsaigal/18-545/audio/sound_mp/project_1/project_1.srcs/sources_1/imports/sound_mp/LS244.sv" into library work [/afs/ece.cmu.edu/usr/rsaigal/18-545/audio/sound_mp/project_1/project_1.srcs/sources_1/imports/sound_mp/LS244.sv:1]
INFO: [HDL 9-2216] Analyzing SystemVerilog file "/afs/ece.cmu.edu/usr/rsaigal/18-545/audio/sound_mp/project_1/project_1.srcs/sources_1/imports/sound_mp/test_bench.sv" into library work [/afs/ece.cmu.edu/usr/rsaigal/18-545/audio/sound_mp/project_1/project_1.srcs/sources_1/imports/sound_mp/test_bench.sv:1]
[Wed Sep 30 23:02:10 2015] Launched synth_1...
Run output will be captured here: /afs/ece.cmu.edu/usr/rsaigal/18-545/audio/sound_mp/project_1/project_1.runs/synth_1/runme.log
close_sim
INFO: [Simtcl 6-16] Simulation closed
close_sim: Time (s): cpu = 00:00:00.67 ; elapsed = 00:00:12 . Memory (MB): peak = 5960.656 ; gain = 0.000 ; free physical = 8177 ; free virtual = 26912
launch_simulation
INFO: [USF-XSim-27] Simulation object is 'sim_1'
INFO: [USF-XSim-37] Inspecting design source files for 'testbench_tristate_buffer' in fileset 'sim_1'...
INFO: [USF-XSim-97] Finding global include files...
INFO: [USF-XSim-98] Fetching design files from 'sim_1'...
INFO: [USF-XSim-2] XSim::Compile design
INFO: [USF-XSim-61] Executing 'COMPILE' step in '/afs/ece.cmu.edu/usr/rsaigal/18-545/audio/sound_mp/project_1/project_1.sim/sim_1/behav'
xvlog -m64 --relax -prj testbench_tristate_buffer_vlog.prj
INFO: [VRFC 10-2263] Analyzing SystemVerilog file "/afs/ece.cmu.edu/usr/rsaigal/18-545/audio/sound_mp/project_1/project_1.srcs/sources_1/imports/sound_mp/LS244.sv" into library xil_defaultlib
INFO: [VRFC 10-311] analyzing module tristate_buffer
INFO: [VRFC 10-311] analyzing module LS244
INFO: [VRFC 10-2263] Analyzing SystemVerilog file "/afs/ece.cmu.edu/usr/rsaigal/18-545/audio/sound_mp/project_1/project_1.srcs/sources_1/imports/sound_mp/test_bench.sv" into library xil_defaultlib
INFO: [VRFC 10-311] analyzing module testbench_tristate_buffer
INFO: [VRFC 10-311] analyzing module testbench_LS244
INFO: [VRFC 10-2263] Analyzing Verilog file "/afs/ece.cmu.edu/usr/rsaigal/18-545/audio/sound_mp/project_1/project_1.sim/sim_1/behav/glbl.v" into library xil_defaultlib
INFO: [VRFC 10-311] analyzing module glbl
INFO: [USF-XSim-3] XSim::Elaborate design
INFO: [USF-XSim-61] Executing 'ELABORATE' step in '/afs/ece.cmu.edu/usr/rsaigal/18-545/audio/sound_mp/project_1/project_1.sim/sim_1/behav'
Vivado Simulator 2015.2
Copyright 1986-1999, 2001-2015 Xilinx, Inc. All Rights Reserved.
Running: /afs/ece/support/xilinx/xilinx.release/Vivado/bin/unwrapped/lnx64.o/xelab -wto b730375052da49668e854cb5b2f919d2 --debug typical --relax --mt 8 -L xil_defaultlib -L unisims_ver -L unimacro_ver -L secureip --snapshot testbench_tristate_buffer_behav xil_defaultlib.testbench_tristate_buffer xil_defaultlib.glbl -log elaborate.log 
Using 8 slave threads.
Starting static elaboration
Completed static elaboration
Starting simulation data flow analysis
WARNING: [XSIM 43-4100] "/afs/ece.cmu.edu/usr/rsaigal/18-545/audio/sound_mp/project_1/project_1.sim/sim_1/behav/glbl.v" Line 6. Module glbl has a timescale but at least one module in design doesn't have timescale.
WARNING: [XSIM 43-4100] "/afs/ece.cmu.edu/usr/rsaigal/18-545/audio/sound_mp/project_1/project_1.sim/sim_1/behav/glbl.v" Line 6. Module glbl has a timescale but at least one module in design doesn't have timescale.
Completed simulation data flow analysis
Time Resolution for simulation is 1ps
Compiling module xil_defaultlib.tristate_buffer
Compiling module xil_defaultlib.testbench_tristate_buffer
Compiling module xil_defaultlib.glbl
Built simulation snapshot testbench_tristate_buffer_behav

****** Webtalk v2015.2 (64-bit)
  **** SW Build 1266856 on Fri Jun 26 16:35:25 MDT 2015
  **** IP Build 1264090 on Wed Jun 24 14:22:01 MDT 2015
    ** Copyright 1986-2015 Xilinx, Inc. All Rights Reserved.

source /afs/ece.cmu.edu/usr/rsaigal/18-545/audio/sound_mp/project_1/project_1.sim/sim_1/behav/xsim.dir/testbench_tristate_buffer_behav/webtalk/xsim_webtalk.tcl -notrace

    while executing
"webtalk_transmit -clientid 3932736094 -regid "174679548_176449548_210570730_342" -xml /afs/ece.cmu.edu/usr/rsaigal/18-545/audio/sound_mp/project_1/pro..."
    (file "/afs/ece.cmu.edu/usr/rsaigal/18-545/audio/sound_mp/project_1/project_1.sim/sim_1/behav/xsim.dir/testbench_tristate_buffer_behav/webtalk/xsim_webtalk.t..." line 42)
INFO: [Common 17-206] Exiting Webtalk at Wed Sep 30 23:03:05 2015...
INFO: [USF-XSim-4] XSim::Simulate design
INFO: [USF-XSim-61] Executing 'SIMULATE' step in '/afs/ece.cmu.edu/usr/rsaigal/18-545/audio/sound_mp/project_1/project_1.sim/sim_1/behav'
INFO: [USF-XSim-98] *** Running xsim
   with args "testbench_tristate_buffer_behav -key {Behavioral:sim_1:Functional:testbench_tristate_buffer} -tclbatch {testbench_tristate_buffer.tcl} -log {simulate.log}"
INFO: [USF-XSim-8] Loading simulator feature
Vivado Simulator 2015.2
Time resolution is 1 ps
source testbench_tristate_buffer.tcl
# set curr_wave [current_wave_config]
# if { [string length $curr_wave] == 0 } {
#   if { [llength [get_objects]] > 0} {
#     add_wave /
#     set_property needs_save false [current_wave_config]
#   } else {
#      send_msg_id Add_Wave-1 WARNING "No top level signals found. Simulator will start without a wave window. If you want to open a wave window go to 'File->New Waveform Configuration' or type 'create_wave_config' in the TCL console."
#   }
# }
# run 1000ns
x=0, en=1, y=0
xsim: Time (s): cpu = 00:00:02 ; elapsed = 00:00:20 . Memory (MB): peak = 5960.656 ; gain = 0.000 ; free physical = 8175 ; free virtual = 26909
INFO: [USF-XSim-96] XSim completed. Design snapshot 'testbench_tristate_buffer_behav' loaded.
INFO: [USF-XSim-97] XSim simulation ran for 1000ns
launch_simulation: Time (s): cpu = 00:00:03 ; elapsed = 00:00:25 . Memory (MB): peak = 5960.656 ; gain = 0.000 ; free physical = 8175 ; free virtual = 26909
set_property top testbench_LS244 [get_filesets sim_1]
set_property top_lib xil_defaultlib [get_filesets sim_1]
launch_simulation
INFO: [USF-XSim-27] Simulation object is 'sim_1'
INFO: [USF-XSim-37] Inspecting design source files for 'testbench_LS244' in fileset 'sim_1'...
INFO: [USF-XSim-97] Finding global include files...
INFO: [USF-XSim-98] Fetching design files from 'sim_1'...
INFO: [USF-XSim-2] XSim::Compile design
INFO: [USF-XSim-61] Executing 'COMPILE' step in '/afs/ece.cmu.edu/usr/rsaigal/18-545/audio/sound_mp/project_1/project_1.sim/sim_1/behav'
xvlog -m64 --relax -prj testbench_LS244_vlog.prj
INFO: [VRFC 10-2263] Analyzing SystemVerilog file "/afs/ece.cmu.edu/usr/rsaigal/18-545/audio/sound_mp/project_1/project_1.srcs/sources_1/imports/sound_mp/test_bench.sv" into library xil_defaultlib
INFO: [VRFC 10-311] analyzing module testbench_tristate_buffer
INFO: [VRFC 10-311] analyzing module testbench_LS244
INFO: [VRFC 10-2263] Analyzing Verilog file "/afs/ece.cmu.edu/usr/rsaigal/18-545/audio/sound_mp/project_1/project_1.sim/sim_1/behav/glbl.v" into library xil_defaultlib
INFO: [VRFC 10-311] analyzing module glbl
INFO: [USF-XSim-3] XSim::Elaborate design
INFO: [USF-XSim-61] Executing 'ELABORATE' step in '/afs/ece.cmu.edu/usr/rsaigal/18-545/audio/sound_mp/project_1/project_1.sim/sim_1/behav'
Vivado Simulator 2015.2
Copyright 1986-1999, 2001-2015 Xilinx, Inc. All Rights Reserved.
Running: /afs/ece/support/xilinx/xilinx.release/Vivado/bin/unwrapped/lnx64.o/xelab -wto b730375052da49668e854cb5b2f919d2 --debug typical --relax --mt 8 -L xil_defaultlib -L unisims_ver -L unimacro_ver -L secureip --snapshot testbench_LS244_behav xil_defaultlib.testbench_LS244 xil_defaultlib.glbl -log elaborate.log 
Using 8 slave threads.
Starting static elaboration
Completed static elaboration
Starting simulation data flow analysis
WARNING: [XSIM 43-4100] "/afs/ece.cmu.edu/usr/rsaigal/18-545/audio/sound_mp/project_1/project_1.sim/sim_1/behav/glbl.v" Line 6. Module glbl has a timescale but at least one module in design doesn't have timescale.
WARNING: [XSIM 43-4100] "/afs/ece.cmu.edu/usr/rsaigal/18-545/audio/sound_mp/project_1/project_1.sim/sim_1/behav/glbl.v" Line 6. Module glbl has a timescale but at least one module in design doesn't have timescale.
Completed simulation data flow analysis
Time Resolution for simulation is 1ps
Compiling module xil_defaultlib.testbench_LS244
Compiling module xil_defaultlib.glbl
Built simulation snapshot testbench_LS244_behav

****** Webtalk v2015.2 (64-bit)
  **** SW Build 1266856 on Fri Jun 26 16:35:25 MDT 2015
  **** IP Build 1264090 on Wed Jun 24 14:22:01 MDT 2015
    ** Copyright 1986-2015 Xilinx, Inc. All Rights Reserved.

source /afs/ece.cmu.edu/usr/rsaigal/18-545/audio/sound_mp/project_1/project_1.sim/sim_1/behav/xsim.dir/testbench_LS244_behav/webtalk/xsim_webtalk.tcl -notrace

    while executing
"webtalk_transmit -clientid 2495532633 -regid "174679548_176449548_210570730_342" -xml /afs/ece.cmu.edu/usr/rsaigal/18-545/audio/sound_mp/project_1/pro..."
    (file "/afs/ece.cmu.edu/usr/rsaigal/18-545/audio/sound_mp/project_1/project_1.sim/sim_1/behav/xsim.dir/testbench_LS244_behav/webtalk/xsim_webtalk.tcl" line 42)
INFO: [Common 17-206] Exiting Webtalk at Wed Sep 30 23:05:44 2015...
INFO: [USF-XSim-4] XSim::Simulate design
INFO: [USF-XSim-61] Executing 'SIMULATE' step in '/afs/ece.cmu.edu/usr/rsaigal/18-545/audio/sound_mp/project_1/project_1.sim/sim_1/behav'
INFO: [USF-XSim-98] *** Running xsim
   with args "testbench_LS244_behav -key {Behavioral:sim_1:Functional:testbench_LS244} -tclbatch {testbench_LS244.tcl} -log {simulate.log}"
INFO: [USF-XSim-8] Loading simulator feature
Vivado Simulator 2015.2
Time resolution is 1 ps
source testbench_LS244.tcl
# set curr_wave [current_wave_config]
# if { [string length $curr_wave] == 0 } {
#   if { [llength [get_objects]] > 0} {
#     add_wave /
#     set_property needs_save false [current_wave_config]
#   } else {
#      send_msg_id Add_Wave-1 WARNING "No top level signals found. Simulator will start without a wave window. If you want to open a wave window go to 'File->New Waveform Configuration' or type 'create_wave_config' in the TCL console."
#   }
# }
# run 1000ns
A=00000000, en_A=1, en_B=0, Q=00000000
xsim: Time (s): cpu = 00:00:04 ; elapsed = 00:00:16 . Memory (MB): peak = 6002.297 ; gain = 41.641 ; free physical = 8168 ; free virtual = 26902
INFO: [USF-XSim-96] XSim completed. Design snapshot 'testbench_LS244_behav' loaded.
INFO: [USF-XSim-97] XSim simulation ran for 1000ns
launch_simulation: Time (s): cpu = 00:00:05 ; elapsed = 00:00:21 . Memory (MB): peak = 6002.297 ; gain = 41.641 ; free physical = 8168 ; free virtual = 26902
close_sim
INFO: [Simtcl 6-16] Simulation closed
close_sim: Time (s): cpu = 00:00:00.63 ; elapsed = 00:00:09 . Memory (MB): peak = 6002.297 ; gain = 0.000 ; free physical = 8172 ; free virtual = 26907
launch_simulation
WARNING: [Vivado 12-3661] Failed to remove file:/afs/ece.cmu.edu/usr/rsaigal/18-545/audio/sound_mp/project_1/project_1.sim/sim_1/behav/.__afsA39B
WARNING: [Vivado 12-3661] Failed to remove file:/afs/ece.cmu.edu/usr/rsaigal/18-545/audio/sound_mp/project_1/project_1.sim/sim_1/behav/.__afs33BA
INFO: [USF-XSim-27] Simulation object is 'sim_1'
INFO: [USF-XSim-37] Inspecting design source files for 'testbench_LS244' in fileset 'sim_1'...
INFO: [USF-XSim-97] Finding global include files...
INFO: [USF-XSim-98] Fetching design files from 'sim_1'...
INFO: [USF-XSim-2] XSim::Compile design
INFO: [USF-XSim-61] Executing 'COMPILE' step in '/afs/ece.cmu.edu/usr/rsaigal/18-545/audio/sound_mp/project_1/project_1.sim/sim_1/behav'
xvlog -m64 --relax -prj testbench_LS244_vlog.prj
INFO: [VRFC 10-2263] Analyzing SystemVerilog file "/afs/ece.cmu.edu/usr/rsaigal/18-545/audio/sound_mp/project_1/project_1.srcs/sources_1/imports/sound_mp/test_bench.sv" into library xil_defaultlib
INFO: [VRFC 10-311] analyzing module testbench_tristate_buffer
INFO: [VRFC 10-311] analyzing module testbench_LS244
INFO: [VRFC 10-2263] Analyzing Verilog file "/afs/ece.cmu.edu/usr/rsaigal/18-545/audio/sound_mp/project_1/project_1.sim/sim_1/behav/glbl.v" into library xil_defaultlib
INFO: [VRFC 10-311] analyzing module glbl
INFO: [USF-XSim-3] XSim::Elaborate design
INFO: [USF-XSim-61] Executing 'ELABORATE' step in '/afs/ece.cmu.edu/usr/rsaigal/18-545/audio/sound_mp/project_1/project_1.sim/sim_1/behav'
Vivado Simulator 2015.2
Copyright 1986-1999, 2001-2015 Xilinx, Inc. All Rights Reserved.
Running: /afs/ece/support/xilinx/xilinx.release/Vivado/bin/unwrapped/lnx64.o/xelab -wto b730375052da49668e854cb5b2f919d2 --debug typical --relax --mt 8 -L xil_defaultlib -L unisims_ver -L unimacro_ver -L secureip --snapshot testbench_LS244_behav xil_defaultlib.testbench_LS244 xil_defaultlib.glbl -log elaborate.log 
Using 8 slave threads.
Starting static elaboration
Completed static elaboration
Starting simulation data flow analysis
WARNING: [XSIM 43-4100] "/afs/ece.cmu.edu/usr/rsaigal/18-545/audio/sound_mp/project_1/project_1.sim/sim_1/behav/glbl.v" Line 6. Module glbl has a timescale but at least one module in design doesn't have timescale.
WARNING: [XSIM 43-4100] "/afs/ece.cmu.edu/usr/rsaigal/18-545/audio/sound_mp/project_1/project_1.sim/sim_1/behav/glbl.v" Line 6. Module glbl has a timescale but at least one module in design doesn't have timescale.
Completed simulation data flow analysis
Time Resolution for simulation is 1ps
Compiling module xil_defaultlib.testbench_LS244
Compiling module xil_defaultlib.glbl
Built simulation snapshot testbench_LS244_behav

****** Webtalk v2015.2 (64-bit)
  **** SW Build 1266856 on Fri Jun 26 16:35:25 MDT 2015
  **** IP Build 1264090 on Wed Jun 24 14:22:01 MDT 2015
    ** Copyright 1986-2015 Xilinx, Inc. All Rights Reserved.

source /afs/ece.cmu.edu/usr/rsaigal/18-545/audio/sound_mp/project_1/project_1.sim/sim_1/behav/xsim.dir/testbench_LS244_behav/webtalk/xsim_webtalk.tcl -notrace

    while executing
"webtalk_transmit -clientid 3887748206 -regid "174679548_176449548_210570730_342" -xml /afs/ece.cmu.edu/usr/rsaigal/18-545/audio/sound_mp/project_1/pro..."
    (file "/afs/ece.cmu.edu/usr/rsaigal/18-545/audio/sound_mp/project_1/project_1.sim/sim_1/behav/xsim.dir/testbench_LS244_behav/webtalk/xsim_webtalk.tcl" line 42)
INFO: [Common 17-206] Exiting Webtalk at Wed Sep 30 23:09:39 2015...
INFO: [USF-XSim-4] XSim::Simulate design
INFO: [USF-XSim-61] Executing 'SIMULATE' step in '/afs/ece.cmu.edu/usr/rsaigal/18-545/audio/sound_mp/project_1/project_1.sim/sim_1/behav'
INFO: [USF-XSim-98] *** Running xsim
   with args "testbench_LS244_behav -key {Behavioral:sim_1:Functional:testbench_LS244} -tclbatch {testbench_LS244.tcl} -log {simulate.log}"
INFO: [USF-XSim-8] Loading simulator feature
Vivado Simulator 2015.2
Time resolution is 1 ps
source testbench_LS244.tcl
# set curr_wave [current_wave_config]
# if { [string length $curr_wave] == 0 } {
#   if { [llength [get_objects]] > 0} {
#     add_wave /
#     set_property needs_save false [current_wave_config]
#   } else {
#      send_msg_id Add_Wave-1 WARNING "No top level signals found. Simulator will start without a wave window. If you want to open a wave window go to 'File->New Waveform Configuration' or type 'create_wave_config' in the TCL console."
#   }
# }
# run 1000ns
A=00000000, en_A=1, en_B=0, Q=00000000
xsim: Time (s): cpu = 00:00:02 ; elapsed = 00:00:17 . Memory (MB): peak = 6002.297 ; gain = 0.000 ; free physical = 8168 ; free virtual = 26903
INFO: [USF-XSim-96] XSim completed. Design snapshot 'testbench_LS244_behav' loaded.
INFO: [USF-XSim-97] XSim simulation ran for 1000ns
launch_simulation: Time (s): cpu = 00:00:03 ; elapsed = 00:00:22 . Memory (MB): peak = 6002.297 ; gain = 0.000 ; free physical = 8168 ; free virtual = 26903
reset_run synth_1
launch_runs synth_1
INFO: [HDL 9-2216] Analyzing SystemVerilog file "/afs/ece.cmu.edu/usr/rsaigal/18-545/audio/sound_mp/project_1/project_1.srcs/sources_1/imports/sound_mp/LS244.sv" into library work [/afs/ece.cmu.edu/usr/rsaigal/18-545/audio/sound_mp/project_1/project_1.srcs/sources_1/imports/sound_mp/LS244.sv:1]
INFO: [HDL 9-2216] Analyzing SystemVerilog file "/afs/ece.cmu.edu/usr/rsaigal/18-545/audio/sound_mp/project_1/project_1.srcs/sources_1/imports/sound_mp/test_bench.sv" into library work [/afs/ece.cmu.edu/usr/rsaigal/18-545/audio/sound_mp/project_1/project_1.srcs/sources_1/imports/sound_mp/test_bench.sv:1]
[Wed Sep 30 23:10:13 2015] Launched synth_1...
Run output will be captured here: /afs/ece.cmu.edu/usr/rsaigal/18-545/audio/sound_mp/project_1/project_1.runs/synth_1/runme.log
close_sim
INFO: [Simtcl 6-16] Simulation closed
close_sim: Time (s): cpu = 00:00:00.70 ; elapsed = 00:00:10 . Memory (MB): peak = 6002.297 ; gain = 0.000 ; free physical = 8041 ; free virtual = 26776
launch_simulation
WARNING: [Vivado 12-3661] Failed to remove file:/afs/ece.cmu.edu/usr/rsaigal/18-545/audio/sound_mp/project_1/project_1.sim/sim_1/behav/.__afsA39B
WARNING: [Vivado 12-3661] Failed to remove file:/afs/ece.cmu.edu/usr/rsaigal/18-545/audio/sound_mp/project_1/project_1.sim/sim_1/behav/.__afs33BA
INFO: [USF-XSim-27] Simulation object is 'sim_1'
INFO: [USF-XSim-37] Inspecting design source files for 'testbench_LS244' in fileset 'sim_1'...
INFO: [USF-XSim-97] Finding global include files...
INFO: [USF-XSim-98] Fetching design files from 'sim_1'...
INFO: [USF-XSim-2] XSim::Compile design
INFO: [USF-XSim-61] Executing 'COMPILE' step in '/afs/ece.cmu.edu/usr/rsaigal/18-545/audio/sound_mp/project_1/project_1.sim/sim_1/behav'
xvlog -m64 --relax -prj testbench_LS244_vlog.prj
INFO: [VRFC 10-2263] Analyzing SystemVerilog file "/afs/ece.cmu.edu/usr/rsaigal/18-545/audio/sound_mp/project_1/project_1.srcs/sources_1/imports/sound_mp/test_bench.sv" into library xil_defaultlib
INFO: [VRFC 10-311] analyzing module testbench_tristate_buffer
INFO: [VRFC 10-311] analyzing module testbench_LS244
INFO: [VRFC 10-2263] Analyzing Verilog file "/afs/ece.cmu.edu/usr/rsaigal/18-545/audio/sound_mp/project_1/project_1.sim/sim_1/behav/glbl.v" into library xil_defaultlib
INFO: [VRFC 10-311] analyzing module glbl
INFO: [USF-XSim-3] XSim::Elaborate design
INFO: [USF-XSim-61] Executing 'ELABORATE' step in '/afs/ece.cmu.edu/usr/rsaigal/18-545/audio/sound_mp/project_1/project_1.sim/sim_1/behav'
Vivado Simulator 2015.2
Copyright 1986-1999, 2001-2015 Xilinx, Inc. All Rights Reserved.
Running: /afs/ece/support/xilinx/xilinx.release/Vivado/bin/unwrapped/lnx64.o/xelab -wto b730375052da49668e854cb5b2f919d2 --debug typical --relax --mt 8 -L xil_defaultlib -L unisims_ver -L unimacro_ver -L secureip --snapshot testbench_LS244_behav xil_defaultlib.testbench_LS244 xil_defaultlib.glbl -log elaborate.log 
Using 8 slave threads.
Starting static elaboration
Completed static elaboration
Starting simulation data flow analysis
WARNING: [XSIM 43-4100] "/afs/ece.cmu.edu/usr/rsaigal/18-545/audio/sound_mp/project_1/project_1.sim/sim_1/behav/glbl.v" Line 6. Module glbl has a timescale but at least one module in design doesn't have timescale.
WARNING: [XSIM 43-4100] "/afs/ece.cmu.edu/usr/rsaigal/18-545/audio/sound_mp/project_1/project_1.sim/sim_1/behav/glbl.v" Line 6. Module glbl has a timescale but at least one module in design doesn't have timescale.
Completed simulation data flow analysis
Time Resolution for simulation is 1ps
Compiling module xil_defaultlib.testbench_LS244
Compiling module xil_defaultlib.glbl
Built simulation snapshot testbench_LS244_behav

****** Webtalk v2015.2 (64-bit)
  **** SW Build 1266856 on Fri Jun 26 16:35:25 MDT 2015
  **** IP Build 1264090 on Wed Jun 24 14:22:01 MDT 2015
    ** Copyright 1986-2015 Xilinx, Inc. All Rights Reserved.

source /afs/ece.cmu.edu/usr/rsaigal/18-545/audio/sound_mp/project_1/project_1.sim/sim_1/behav/xsim.dir/testbench_LS244_behav/webtalk/xsim_webtalk.tcl -notrace

    while executing
"webtalk_transmit -clientid 1388705357 -regid "174679548_176449548_210570730_342" -xml /afs/ece.cmu.edu/usr/rsaigal/18-545/audio/sound_mp/project_1/pro..."
    (file "/afs/ece.cmu.edu/usr/rsaigal/18-545/audio/sound_mp/project_1/project_1.sim/sim_1/behav/xsim.dir/testbench_LS244_behav/webtalk/xsim_webtalk.tcl" line 42)
INFO: [Common 17-206] Exiting Webtalk at Wed Sep 30 23:11:14 2015...
INFO: [USF-XSim-4] XSim::Simulate design
INFO: [USF-XSim-61] Executing 'SIMULATE' step in '/afs/ece.cmu.edu/usr/rsaigal/18-545/audio/sound_mp/project_1/project_1.sim/sim_1/behav'
INFO: [USF-XSim-98] *** Running xsim
   with args "testbench_LS244_behav -key {Behavioral:sim_1:Functional:testbench_LS244} -tclbatch {testbench_LS244.tcl} -log {simulate.log}"
INFO: [USF-XSim-8] Loading simulator feature
Vivado Simulator 2015.2
Time resolution is 1 ps
source testbench_LS244.tcl
# set curr_wave [current_wave_config]
# if { [string length $curr_wave] == 0 } {
#   if { [llength [get_objects]] > 0} {
#     add_wave /
#     set_property needs_save false [current_wave_config]
#   } else {
#      send_msg_id Add_Wave-1 WARNING "No top level signals found. Simulator will start without a wave window. If you want to open a wave window go to 'File->New Waveform Configuration' or type 'create_wave_config' in the TCL console."
#   }
# }
# run 1000ns
A=00000000, en_A=1, en_B=0, Q=00000000
xsim: Time (s): cpu = 00:00:02 ; elapsed = 00:00:17 . Memory (MB): peak = 6002.297 ; gain = 0.000 ; free physical = 8162 ; free virtual = 26897
INFO: [USF-XSim-96] XSim completed. Design snapshot 'testbench_LS244_behav' loaded.
INFO: [USF-XSim-97] XSim simulation ran for 1000ns
launch_simulation: Time (s): cpu = 00:00:03 ; elapsed = 00:00:22 . Memory (MB): peak = 6002.297 ; gain = 0.000 ; free physical = 8162 ; free virtual = 26897
reset_run synth_1
launch_runs synth_1
INFO: [HDL 9-2216] Analyzing SystemVerilog file "/afs/ece.cmu.edu/usr/rsaigal/18-545/audio/sound_mp/project_1/project_1.srcs/sources_1/imports/sound_mp/LS244.sv" into library work [/afs/ece.cmu.edu/usr/rsaigal/18-545/audio/sound_mp/project_1/project_1.srcs/sources_1/imports/sound_mp/LS244.sv:1]
INFO: [HDL 9-2216] Analyzing SystemVerilog file "/afs/ece.cmu.edu/usr/rsaigal/18-545/audio/sound_mp/project_1/project_1.srcs/sources_1/imports/sound_mp/test_bench.sv" into library work [/afs/ece.cmu.edu/usr/rsaigal/18-545/audio/sound_mp/project_1/project_1.srcs/sources_1/imports/sound_mp/test_bench.sv:1]
[Wed Sep 30 23:15:03 2015] Launched synth_1...
Run output will be captured here: /afs/ece.cmu.edu/usr/rsaigal/18-545/audio/sound_mp/project_1/project_1.runs/synth_1/runme.log
close_sim
INFO: [Simtcl 6-16] Simulation closed
close_sim: Time (s): cpu = 00:00:00.60 ; elapsed = 00:00:10 . Memory (MB): peak = 6002.297 ; gain = 0.000 ; free physical = 8159 ; free virtual = 26894
launch_simulation
WARNING: [Vivado 12-3661] Failed to remove file:/afs/ece.cmu.edu/usr/rsaigal/18-545/audio/sound_mp/project_1/project_1.sim/sim_1/behav/.__afsA39B
WARNING: [Vivado 12-3661] Failed to remove file:/afs/ece.cmu.edu/usr/rsaigal/18-545/audio/sound_mp/project_1/project_1.sim/sim_1/behav/.__afs33BA
INFO: [USF-XSim-27] Simulation object is 'sim_1'
INFO: [USF-XSim-37] Inspecting design source files for 'testbench_LS244' in fileset 'sim_1'...
INFO: [USF-XSim-97] Finding global include files...
INFO: [USF-XSim-98] Fetching design files from 'sim_1'...
INFO: [USF-XSim-2] XSim::Compile design
INFO: [USF-XSim-61] Executing 'COMPILE' step in '/afs/ece.cmu.edu/usr/rsaigal/18-545/audio/sound_mp/project_1/project_1.sim/sim_1/behav'
xvlog -m64 --relax -prj testbench_LS244_vlog.prj
INFO: [VRFC 10-2263] Analyzing SystemVerilog file "/afs/ece.cmu.edu/usr/rsaigal/18-545/audio/sound_mp/project_1/project_1.srcs/sources_1/imports/sound_mp/test_bench.sv" into library xil_defaultlib
INFO: [VRFC 10-311] analyzing module testbench_tristate_buffer
INFO: [VRFC 10-311] analyzing module testbench_LS244
INFO: [VRFC 10-2263] Analyzing Verilog file "/afs/ece.cmu.edu/usr/rsaigal/18-545/audio/sound_mp/project_1/project_1.sim/sim_1/behav/glbl.v" into library xil_defaultlib
INFO: [VRFC 10-311] analyzing module glbl
INFO: [USF-XSim-3] XSim::Elaborate design
INFO: [USF-XSim-61] Executing 'ELABORATE' step in '/afs/ece.cmu.edu/usr/rsaigal/18-545/audio/sound_mp/project_1/project_1.sim/sim_1/behav'
Vivado Simulator 2015.2
Copyright 1986-1999, 2001-2015 Xilinx, Inc. All Rights Reserved.
Running: /afs/ece/support/xilinx/xilinx.release/Vivado/bin/unwrapped/lnx64.o/xelab -wto b730375052da49668e854cb5b2f919d2 --debug typical --relax --mt 8 -L xil_defaultlib -L unisims_ver -L unimacro_ver -L secureip --snapshot testbench_LS244_behav xil_defaultlib.testbench_LS244 xil_defaultlib.glbl -log elaborate.log 
Using 8 slave threads.
Starting static elaboration
Completed static elaboration
Starting simulation data flow analysis
WARNING: [XSIM 43-4100] "/afs/ece.cmu.edu/usr/rsaigal/18-545/audio/sound_mp/project_1/project_1.sim/sim_1/behav/glbl.v" Line 6. Module glbl has a timescale but at least one module in design doesn't have timescale.
WARNING: [XSIM 43-4100] "/afs/ece.cmu.edu/usr/rsaigal/18-545/audio/sound_mp/project_1/project_1.sim/sim_1/behav/glbl.v" Line 6. Module glbl has a timescale but at least one module in design doesn't have timescale.
Completed simulation data flow analysis
Time Resolution for simulation is 1ps
Compiling module xil_defaultlib.testbench_LS244
Compiling module xil_defaultlib.glbl
Built simulation snapshot testbench_LS244_behav

****** Webtalk v2015.2 (64-bit)
  **** SW Build 1266856 on Fri Jun 26 16:35:25 MDT 2015
  **** IP Build 1264090 on Wed Jun 24 14:22:01 MDT 2015
    ** Copyright 1986-2015 Xilinx, Inc. All Rights Reserved.

source /afs/ece.cmu.edu/usr/rsaigal/18-545/audio/sound_mp/project_1/project_1.sim/sim_1/behav/xsim.dir/testbench_LS244_behav/webtalk/xsim_webtalk.tcl -notrace
INFO: [Common 17-186] '/afs/ece.cmu.edu/usr/rsaigal/18-545/audio/sound_mp/project_1/project_1.sim/sim_1/behav/xsim.dir/testbench_LS244_behav/webtalk/usage_statistics_ext_xsim.xml' has been successfully sent to Xilinx on Wed Sep 30 23:15:59 2015. For additional details about this file, please refer to the WebTalk help file at /afs/ece/support/xilinx/xilinx.release/Vivado/doc/webtalk_introduction.html.
INFO: [Common 17-206] Exiting Webtalk at Wed Sep 30 23:15:59 2015...
INFO: [USF-XSim-4] XSim::Simulate design
INFO: [USF-XSim-61] Executing 'SIMULATE' step in '/afs/ece.cmu.edu/usr/rsaigal/18-545/audio/sound_mp/project_1/project_1.sim/sim_1/behav'
INFO: [USF-XSim-98] *** Running xsim
   with args "testbench_LS244_behav -key {Behavioral:sim_1:Functional:testbench_LS244} -tclbatch {testbench_LS244.tcl} -log {simulate.log}"
INFO: [USF-XSim-8] Loading simulator feature
Vivado Simulator 2015.2
Time resolution is 1 ps
source testbench_LS244.tcl
# set curr_wave [current_wave_config]
# if { [string length $curr_wave] == 0 } {
#   if { [llength [get_objects]] > 0} {
#     add_wave /
#     set_property needs_save false [current_wave_config]
#   } else {
#      send_msg_id Add_Wave-1 WARNING "No top level signals found. Simulator will start without a wave window. If you want to open a wave window go to 'File->New Waveform Configuration' or type 'create_wave_config' in the TCL console."
#   }
# }
# run 1000ns
A=00000000, en_A=1, en_B=0, Q=00000000
xsim: Time (s): cpu = 00:00:01 ; elapsed = 00:00:18 . Memory (MB): peak = 6002.297 ; gain = 0.000 ; free physical = 8158 ; free virtual = 26893
INFO: [USF-XSim-96] XSim completed. Design snapshot 'testbench_LS244_behav' loaded.
INFO: [USF-XSim-97] XSim simulation ran for 1000ns
launch_simulation: Time (s): cpu = 00:00:03 ; elapsed = 00:00:21 . Memory (MB): peak = 6002.297 ; gain = 0.000 ; free physical = 8158 ; free virtual = 26893
close_sim
INFO: [Simtcl 6-16] Simulation closed
close_sim: Time (s): cpu = 00:00:00.59 ; elapsed = 00:00:08 . Memory (MB): peak = 6002.297 ; gain = 0.000 ; free physical = 8159 ; free virtual = 26894
launch_simulation
WARNING: [Vivado 12-3661] Failed to remove file:/afs/ece.cmu.edu/usr/rsaigal/18-545/audio/sound_mp/project_1/project_1.sim/sim_1/behav/.__afsA39B
WARNING: [Vivado 12-3661] Failed to remove file:/afs/ece.cmu.edu/usr/rsaigal/18-545/audio/sound_mp/project_1/project_1.sim/sim_1/behav/.__afs33BA
INFO: [USF-XSim-27] Simulation object is 'sim_1'
INFO: [USF-XSim-37] Inspecting design source files for 'testbench_LS244' in fileset 'sim_1'...
INFO: [USF-XSim-97] Finding global include files...
INFO: [USF-XSim-98] Fetching design files from 'sim_1'...
INFO: [USF-XSim-2] XSim::Compile design
INFO: [USF-XSim-61] Executing 'COMPILE' step in '/afs/ece.cmu.edu/usr/rsaigal/18-545/audio/sound_mp/project_1/project_1.sim/sim_1/behav'
xvlog -m64 --relax -prj testbench_LS244_vlog.prj
INFO: [VRFC 10-2263] Analyzing SystemVerilog file "/afs/ece.cmu.edu/usr/rsaigal/18-545/audio/sound_mp/project_1/project_1.srcs/sources_1/imports/sound_mp/test_bench.sv" into library xil_defaultlib
INFO: [VRFC 10-311] analyzing module testbench_tristate_buffer
INFO: [VRFC 10-311] analyzing module testbench_LS244
INFO: [VRFC 10-2263] Analyzing Verilog file "/afs/ece.cmu.edu/usr/rsaigal/18-545/audio/sound_mp/project_1/project_1.sim/sim_1/behav/glbl.v" into library xil_defaultlib
INFO: [VRFC 10-311] analyzing module glbl
INFO: [USF-XSim-3] XSim::Elaborate design
INFO: [USF-XSim-61] Executing 'ELABORATE' step in '/afs/ece.cmu.edu/usr/rsaigal/18-545/audio/sound_mp/project_1/project_1.sim/sim_1/behav'
Vivado Simulator 2015.2
Copyright 1986-1999, 2001-2015 Xilinx, Inc. All Rights Reserved.
Running: /afs/ece/support/xilinx/xilinx.release/Vivado/bin/unwrapped/lnx64.o/xelab -wto b730375052da49668e854cb5b2f919d2 --debug typical --relax --mt 8 -L xil_defaultlib -L unisims_ver -L unimacro_ver -L secureip --snapshot testbench_LS244_behav xil_defaultlib.testbench_LS244 xil_defaultlib.glbl -log elaborate.log 
Using 8 slave threads.
Starting static elaboration
Completed static elaboration
Starting simulation data flow analysis
WARNING: [XSIM 43-4100] "/afs/ece.cmu.edu/usr/rsaigal/18-545/audio/sound_mp/project_1/project_1.sim/sim_1/behav/glbl.v" Line 6. Module glbl has a timescale but at least one module in design doesn't have timescale.
WARNING: [XSIM 43-4100] "/afs/ece.cmu.edu/usr/rsaigal/18-545/audio/sound_mp/project_1/project_1.sim/sim_1/behav/glbl.v" Line 6. Module glbl has a timescale but at least one module in design doesn't have timescale.
Completed simulation data flow analysis
Time Resolution for simulation is 1ps
Compiling module xil_defaultlib.testbench_LS244
Compiling module xil_defaultlib.glbl
Built simulation snapshot testbench_LS244_behav

****** Webtalk v2015.2 (64-bit)
  **** SW Build 1266856 on Fri Jun 26 16:35:25 MDT 2015
  **** IP Build 1264090 on Wed Jun 24 14:22:01 MDT 2015
    ** Copyright 1986-2015 Xilinx, Inc. All Rights Reserved.

source /afs/ece.cmu.edu/usr/rsaigal/18-545/audio/sound_mp/project_1/project_1.sim/sim_1/behav/xsim.dir/testbench_LS244_behav/webtalk/xsim_webtalk.tcl -notrace

    while executing
"webtalk_transmit -clientid 3196941131 -regid "174679548_176449548_210570730_342" -xml /afs/ece.cmu.edu/usr/rsaigal/18-545/audio/sound_mp/project_1/pro..."
    (file "/afs/ece.cmu.edu/usr/rsaigal/18-545/audio/sound_mp/project_1/project_1.sim/sim_1/behav/xsim.dir/testbench_LS244_behav/webtalk/xsim_webtalk.tcl" line 42)
INFO: [Common 17-206] Exiting Webtalk at Wed Sep 30 23:19:03 2015...
INFO: [USF-XSim-4] XSim::Simulate design
INFO: [USF-XSim-61] Executing 'SIMULATE' step in '/afs/ece.cmu.edu/usr/rsaigal/18-545/audio/sound_mp/project_1/project_1.sim/sim_1/behav'
INFO: [USF-XSim-98] *** Running xsim
   with args "testbench_LS244_behav -key {Behavioral:sim_1:Functional:testbench_LS244} -tclbatch {testbench_LS244.tcl} -log {simulate.log}"
INFO: [USF-XSim-8] Loading simulator feature
Vivado Simulator 2015.2
Time resolution is 1 ps
source testbench_LS244.tcl
# set curr_wave [current_wave_config]
# if { [string length $curr_wave] == 0 } {
#   if { [llength [get_objects]] > 0} {
#     add_wave /
#     set_property needs_save false [current_wave_config]
#   } else {
#      send_msg_id Add_Wave-1 WARNING "No top level signals found. Simulator will start without a wave window. If you want to open a wave window go to 'File->New Waveform Configuration' or type 'create_wave_config' in the TCL console."
#   }
# }
# run 1000ns
A=00000000, en_A=1, en_B=0, Q=00000000
xsim: Time (s): cpu = 00:00:02 ; elapsed = 00:00:18 . Memory (MB): peak = 6002.297 ; gain = 0.000 ; free physical = 8157 ; free virtual = 26892
INFO: [USF-XSim-96] XSim completed. Design snapshot 'testbench_LS244_behav' loaded.
INFO: [USF-XSim-97] XSim simulation ran for 1000ns
launch_simulation: Time (s): cpu = 00:00:03 ; elapsed = 00:00:23 . Memory (MB): peak = 6002.297 ; gain = 0.000 ; free physical = 8157 ; free virtual = 26892
